<?xml version="1.0" encoding="UTF-8"?>
<!-- Generated by org.testng.reporters.JUnitXMLReporter -->
<testsuite ignored="0" hostname="DESKTOP-BI4GJS1" failures="1" tests="1" name="RegisterTest" time="11.75" errors="0" timestamp="2023-07-16T11:32:42 PDT">
  <testcase classname="tests.RegisterTest" name="verifyRegistration" time="3.491">
    <failure type="java.lang.AssertionError" message="expected [Your Account Has been created!] but found [Your Account Has Been Created!]">
      <![CDATA[java.lang.AssertionError: expected [Your Account Has been created!] but found [Your Account Has Been Created!]
at tests.RegisterTest.verifyRegistration(RegisterTest.java:67)
at java.base/java.util.ArrayList.forEach(ArrayList.java:1511)
at java.base/java.util.concurrent.FutureTask.run(FutureTask.java:264)
at java.base/java.util.concurrent.ThreadPoolExecutor.runWorker(ThreadPoolExecutor.java:1136)
at java.base/java.util.concurrent.ThreadPoolExecutor$Worker.run(ThreadPoolExecutor.java:635)
at java.base/java.lang.Thread.run(Thread.java:833)
... Removed 21 stack frames]]>
    </failure>
  </testcase> <!-- verifyRegistration -->
</testsuite> <!-- RegisterTest -->
