<?xml version="1.0" encoding="UTF-8"?>
<testng-results ignored="1" total="13" passed="12" failed="0" skipped="0">
  <reporter-output>
  </reporter-output>
  <suite started-at="2023-06-06T15:30:04 PDT" name="Payment" finished-at="2023-06-06T15:30:04 PDT" duration-ms="376">
    <groups>
    </groups>
    <test started-at="2023-06-06T15:30:04 PDT" name="Netbanking" finished-at="2023-06-06T15:30:04 PDT" duration-ms="123">
      <class name="gpack.Classsix">
        <test-method signature="testSix()[pri:0, instance:gpack.Classsix@1a84f40f]" started-at="2023-06-06T15:30:04 PDT" name="testSix" finished-at="2023-06-06T15:30:04 PDT" duration-ms="1" status="PASS">
          <reporter-output>
          </reporter-output>
        </test-method> <!-- testSix -->
      </class> <!-- gpack.Classsix -->
      <class name="gpack.Classfour">
        <test-method is-config="true" signature="testm()[pri:0, instance:gpack.Classfour@14ec4505]" started-at="2023-06-06T15:30:04 PDT" name="testm" finished-at="2023-06-06T15:30:04 PDT" duration-ms="4" status="PASS">
          <reporter-output>
          </reporter-output>
        </test-method> <!-- testm -->
        <test-method signature="testFour()[pri:0, instance:gpack.Classfour@14ec4505]" started-at="2023-06-06T15:30:04 PDT" name="testFour" finished-at="2023-06-06T15:30:04 PDT" duration-ms="1" status="PASS">
          <reporter-output>
          </reporter-output>
        </test-method> <!-- testFour -->
      </class> <!-- gpack.Classfour -->
      <class name="gpack.Classfive">
        <test-method signature="testFive()[pri:0, instance:gpack.Classfive@16aa0a0a]" started-at="2023-06-06T15:30:04 PDT" name="testFive" finished-at="2023-06-06T15:30:04 PDT" duration-ms="4" status="PASS">
          <reporter-output>
          </reporter-output>
        </test-method> <!-- testFive -->
        <test-method is-config="true" signature="testg()[pri:0, instance:gpack.Classfive@16aa0a0a]" started-at="2023-06-06T15:30:04 PDT" name="testg" finished-at="2023-06-06T15:30:04 PDT" duration-ms="1" status="PASS">
          <reporter-output>
          </reporter-output>
        </test-method> <!-- testg -->
      </class> <!-- gpack.Classfive -->
      <class name="tpack.Classone">
        <test-method is-config="true" signature="testmn()[pri:0, instance:tpack.Classone@7920ba90]" started-at="2023-06-06T15:30:04 PDT" name="testmn" finished-at="2023-06-06T15:30:04 PDT" duration-ms="1" status="PASS">
          <reporter-output>
          </reporter-output>
        </test-method> <!-- testmn -->
        <test-method signature="testOne()[pri:0, instance:tpack.Classone@7920ba90]" started-at="2023-06-06T15:30:04 PDT" name="testOne" finished-at="2023-06-06T15:30:04 PDT" duration-ms="1" status="PASS">
          <reporter-output>
          </reporter-output>
        </test-method> <!-- testOne -->
        <test-method is-config="true" signature="testsn()[pri:0, instance:tpack.Classone@7920ba90]" started-at="2023-06-06T15:30:04 PDT" name="testsn" finished-at="2023-06-06T15:30:04 PDT" duration-ms="2" status="PASS">
          <reporter-output>
          </reporter-output>
        </test-method> <!-- testsn -->
        <test-method is-config="true" signature="testmn()[pri:0, instance:tpack.Classone@7920ba90]" started-at="2023-06-06T15:30:04 PDT" name="testmn" finished-at="2023-06-06T15:30:04 PDT" duration-ms="1" status="PASS">
          <reporter-output>
          </reporter-output>
        </test-method> <!-- testmn -->
        <test-method signature="testTen()[pri:0, instance:tpack.Classone@7920ba90]" started-at="2023-06-06T15:30:04 PDT" name="testTen" finished-at="2023-06-06T15:30:04 PDT" duration-ms="1" status="PASS">
          <reporter-output>
          </reporter-output>
        </test-method> <!-- testTen -->
        <test-method is-config="true" signature="testsn()[pri:0, instance:tpack.Classone@7920ba90]" started-at="2023-06-06T15:30:04 PDT" name="testsn" finished-at="2023-06-06T15:30:04 PDT" duration-ms="1" status="PASS">
          <reporter-output>
          </reporter-output>
        </test-method> <!-- testsn -->
        <test-method is-config="true" signature="testmn()[pri:0, instance:tpack.Classone@7920ba90]" started-at="2023-06-06T15:30:04 PDT" name="testmn" finished-at="2023-06-06T15:30:04 PDT" duration-ms="1" status="PASS">
          <reporter-output>
          </reporter-output>
        </test-method> <!-- testmn -->
        <test-method signature="testElev()[pri:0, instance:tpack.Classone@7920ba90]" started-at="2023-06-06T15:30:04 PDT" name="testElev" finished-at="2023-06-06T15:30:04 PDT" duration-ms="1" status="PASS">
          <reporter-output>
          </reporter-output>
        </test-method> <!-- testElev -->
        <test-method is-config="true" signature="testsn()[pri:0, instance:tpack.Classone@7920ba90]" started-at="2023-06-06T15:30:04 PDT" name="testsn" finished-at="2023-06-06T15:30:04 PDT" duration-ms="0" status="PASS">
          <reporter-output>
          </reporter-output>
        </test-method> <!-- testsn -->
      </class> <!-- tpack.Classone -->
      <class name="spack.Classseven">
        <test-method signature="testSeven()[pri:0, instance:spack.Classseven@23282c25]" started-at="2023-06-06T15:30:04 PDT" name="testSeven" finished-at="2023-06-06T15:30:04 PDT" duration-ms="1" status="PASS">
          <reporter-output>
          </reporter-output>
        </test-method> <!-- testSeven -->
      </class> <!-- spack.Classseven -->
    </test> <!-- Netbanking -->
    <test started-at="2023-06-06T15:30:04 PDT" name="Debit/Credit" finished-at="2023-06-06T15:30:04 PDT" duration-ms="41">
      <class name="tpack.Classtwo">
        <test-method signature="testSev()[pri:0, instance:tpack.Classtwo@27c86f2d]" started-at="2023-06-06T15:30:04 PDT" name="testSev" finished-at="2023-06-06T15:30:04 PDT" duration-ms="5" status="PASS">
          <reporter-output>
          </reporter-output>
        </test-method> <!-- testSev -->
        <test-method signature="testTwo()[pri:0, instance:tpack.Classtwo@27c86f2d]" started-at="2023-06-06T15:30:04 PDT" name="testTwo" finished-at="2023-06-06T15:30:04 PDT" duration-ms="2" status="PASS">
          <reporter-output>
          </reporter-output>
        </test-method> <!-- testTwo -->
        <test-method is-config="true" signature="testg()[pri:0, instance:tpack.Classtwo@27c86f2d]" started-at="2023-06-06T15:30:04 PDT" name="testg" finished-at="2023-06-06T15:30:04 PDT" duration-ms="2" status="PASS">
          <reporter-output>
          </reporter-output>
        </test-method> <!-- testg -->
      </class> <!-- tpack.Classtwo -->
      <class name="gpack.Classsix">
        <test-method is-config="true" signature="testn()[pri:0, instance:gpack.Classsix@1a84f40f]" started-at="2023-06-06T15:30:04 PDT" name="testn" finished-at="2023-06-06T15:30:04 PDT" duration-ms="29" status="PASS">
          <reporter-output>
          </reporter-output>
        </test-method> <!-- testn -->
      </class> <!-- gpack.Classsix -->
      <class name="tpack.Classthree">
        <test-method is-config="true" signature="testM()[pri:0, instance:tpack.Classthree@197d671]" started-at="2023-06-06T15:30:04 PDT" name="testM" finished-at="2023-06-06T15:30:04 PDT" duration-ms="4" status="PASS">
          <reporter-output>
          </reporter-output>
        </test-method> <!-- testM -->
        <test-method signature="testFourteen()[pri:0, instance:tpack.Classthree@197d671]" started-at="2023-06-06T15:30:04 PDT" name="testFourteen" finished-at="2023-06-06T15:30:04 PDT" duration-ms="3" status="PASS">
          <reporter-output>
          </reporter-output>
        </test-method> <!-- testFourteen -->
        <test-method signature="testNine()[pri:0, instance:tpack.Classthree@197d671]" started-at="2023-06-06T15:30:04 PDT" name="testNine" finished-at="2023-06-06T15:30:04 PDT" duration-ms="3" status="PASS">
          <reporter-output>
          </reporter-output>
        </test-method> <!-- testNine -->
        <test-method signature="testThree()[pri:0, instance:tpack.Classthree@197d671]" started-at="2023-06-06T15:30:04 PDT" name="testThree" finished-at="2023-06-06T15:30:04 PDT" duration-ms="3" status="PASS">
          <reporter-output>
          </reporter-output>
        </test-method> <!-- testThree -->
      </class> <!-- tpack.Classthree -->
      <class name="tpack.Classone">
        <test-method is-config="true" signature="testy()[pri:0, instance:tpack.Classone@7920ba90]" started-at="2023-06-06T15:30:04 PDT" name="testy" finished-at="2023-06-06T15:30:04 PDT" duration-ms="4" status="PASS">
          <reporter-output>
          </reporter-output>
        </test-method> <!-- testy -->
      </class> <!-- tpack.Classone -->
    </test> <!-- Debit/Credit -->
  </suite> <!-- Payment -->
</testng-results>
