<?xml version="1.0" encoding="UTF-8"?>
<!-- Generated by org.testng.reporters.JUnitXMLReporter -->
<testsuite ignored="1" hostname="DESKTOP-BI4GJS1" failures="0" tests="5" name="Debit/Credit" time="0.041" errors="0" timestamp="2023-06-06T15:30:04 PDT">
  <testcase classname="tpack.Classtwo" name="testSev" time="0.005"/>
  <testcase classname="tpack.Classtwo" name="testTwo" time="0.002"/>
  <testcase classname="tpack.Classthree" name="testFourteen" time="0.003"/>
  <testcase classname="tpack.Classthree" name="testNine" time="0.003"/>
  <testcase classname="tpack.Classthree" name="testThree" time="0.003"/>
  <testcase classname="tpack.Classtwo" name="testTwe" time="0.0">
    <ignored/>
  </testcase> <!-- testTwe -->
</testsuite> <!-- Debit/Credit -->
