<?xml version="1.0" encoding="UTF-8"?>
<!-- Generated by org.testng.reporters.JUnitXMLReporter -->
<testsuite ignored="0" hostname="DESKTOP-BI4GJS1" failures="0" tests="7" name="Netbanking" time="0.123" errors="0" timestamp="2023-06-06T15:30:04 PDT">
  <testcase classname="gpack.Classfive" name="testFive" time="0.004"/>
  <testcase classname="gpack.Classfour" name="testFour" time="0.001"/>
  <testcase classname="gpack.Classsix" name="testSix" time="0.001"/>
  <testcase classname="spack.Classseven" name="testSeven" time="0.001"/>
  <testcase classname="tpack.Classone" name="testOne" time="0.001"/>
  <testcase classname="tpack.Classone" name="testTen" time="0.001"/>
  <testcase classname="tpack.Classone" name="testElev" time="0.001"/>
</testsuite> <!-- Netbanking -->
