<?xml version="1.0" encoding="UTF-8"?>
<testng-results ignored="0" total="1" passed="1" failed="0" skipped="0">
  <reporter-output>
  </reporter-output>
  <suite started-at="2023-07-17T11:52:14 PDT" name="Suite" finished-at="2023-07-17T11:52:27 PDT" duration-ms="13848">
    <groups>
    </groups>
    <test started-at="2023-07-17T11:52:14 PDT" name="HomeTest" finished-at="2023-07-17T11:52:27 PDT" duration-ms="13848">
      <class name="tests.HomeTest">
        <test-method is-config="true" signature="openApplication()[pri:0, instance:tests.HomeTest@65c7a252]" started-at="2023-07-17T11:52:14 PDT" name="openApplication" finished-at="2023-07-17T11:52:22 PDT" duration-ms="8690" status="PASS">
          <reporter-output>
          </reporter-output>
        </test-method> <!-- openApplication -->
        <test-method signature="verifyHome()[pri:0, instance:tests.HomeTest@65c7a252]" started-at="2023-07-17T11:52:22 PDT" name="verifyHome" finished-at="2023-07-17T11:52:27 PDT" duration-ms="4463" status="PASS">
          <reporter-output>
          </reporter-output>
        </test-method> <!-- verifyHome -->
        <test-method is-config="true" signature="closure()[pri:0, instance:tests.HomeTest@65c7a252]" started-at="2023-07-17T11:52:27 PDT" name="closure" finished-at="2023-07-17T11:52:27 PDT" duration-ms="359" status="PASS">
          <reporter-output>
          </reporter-output>
        </test-method> <!-- closure -->
      </class> <!-- tests.HomeTest -->
    </test> <!-- HomeTest -->
  </suite> <!-- Suite -->
</testng-results>
